<?xml version="1.0" encoding="UTF-8"?>
<!-- Generated by org.testng.reporters.JUnitReportReporter -->
<testsuite hostname="HP_Victus" failures="0" tests="1" name="runners.SignUpTest" time="11.956" errors="0" timestamp="2025-02-27T16:26:41 IST" skipped="0">
  <testcase classname="runners.SignUpTest" name="testSignUpAndLogin" time="11.956"/>
  <system-out/>
</testsuite> <!-- runners.SignUpTest -->
